[debug] [2024-05-30T02:03:54.475Z] ----------------------------------------------------------------------
[debug] [2024-05-30T02:03:54.485Z] Command:       C:\Program Files\nodejs\node.exe C:\Users\Nahom\AppData\Roaming\npm\node_modules\firebase-tools\lib\bin\firebase.js emulators:start --only functions
[debug] [2024-05-30T02:03:54.487Z] CLI Version:   13.10.1
[debug] [2024-05-30T02:03:54.489Z] Platform:      win32
[debug] [2024-05-30T02:03:54.489Z] Node Version:  v20.11.1
[debug] [2024-05-30T02:03:54.489Z] Time:          Thu May 30 2024 05:03:54 GMT+0300 (East Africa Time)
[debug] [2024-05-30T02:03:54.490Z] ----------------------------------------------------------------------
[debug] 
[debug] [2024-05-30T02:03:55.037Z] > command requires scopes: ["email","openid","https://www.googleapis.com/auth/cloudplatformprojects.readonly","https://www.googleapis.com/auth/firebase","https://www.googleapis.com/auth/cloud-platform"]
[debug] [2024-05-30T02:03:55.040Z] > authorizing via signed-in user (nahomdiroj@gmail.com)
[info] i  emulators: Starting emulators: functions {"metadata":{"emulator":{"name":"hub"},"message":"Starting emulators: functions"}}
[debug] [2024-05-30T02:03:55.079Z] [logging] Logging Emulator only supports listening on one address (127.0.0.1). Not listening on ::1
[debug] [2024-05-30T02:03:55.080Z] assigned listening specs for emulators {"user":{"hub":[{"address":"127.0.0.1","family":"IPv4","port":4400},{"address":"::1","family":"IPv6","port":4400}],"ui":[{"address":"127.0.0.1","family":"IPv4","port":4000},{"address":"::1","family":"IPv6","port":4000}],"logging":[{"address":"127.0.0.1","family":"IPv4","port":4500}]},"metadata":{"message":"assigned listening specs for emulators"}}
[debug] [2024-05-30T02:03:55.104Z] [hub] writing locator at C:\Users\Nahom\AppData\Local\Temp\hub-e-clone-njd.json
[debug] [2024-05-30T02:03:55.177Z] [functions] Functions Emulator only supports listening on one address (127.0.0.1). Not listening on ::1
[debug] [2024-05-30T02:03:55.179Z] [eventarc] Eventarc Emulator only supports listening on one address (127.0.0.1). Not listening on ::1
[debug] [2024-05-30T02:03:55.179Z] late-assigned ports for functions and eventarc emulators {"user":{"hub":[{"address":"127.0.0.1","family":"IPv4","port":4400},{"address":"::1","family":"IPv6","port":4400}],"ui":[{"address":"127.0.0.1","family":"IPv4","port":4000},{"address":"::1","family":"IPv6","port":4000}],"logging":[{"address":"127.0.0.1","family":"IPv4","port":4500}],"functions":[{"address":"127.0.0.1","family":"IPv4","port":5001}],"eventarc":[{"address":"127.0.0.1","family":"IPv4","port":9299}]},"metadata":{"message":"late-assigned ports for functions and eventarc emulators"}}
[warn] !  functions: The following emulators are not running, calls to these services from the Functions emulator will affect production: auth, firestore, database, hosting, pubsub, storage, dataconnect {"metadata":{"emulator":{"name":"functions"},"message":"The following emulators are not running, calls to these services from the Functions emulator will affect production: \u001b[1mauth, firestore, database, hosting, pubsub, storage, dataconnect\u001b[22m"}}
[debug] [2024-05-30T02:03:55.193Z] defaultcredentials: writing to file C:\Users\Nahom\AppData\Roaming\firebase\nahomdiroj_gmail_com_application_default_credentials.json
[debug] [2024-05-30T02:03:55.199Z] Setting GAC to C:\Users\Nahom\AppData\Roaming\firebase\nahomdiroj_gmail_com_application_default_credentials.json {"metadata":{"emulator":{"name":"functions"},"message":"Setting GAC to C:\\Users\\Nahom\\AppData\\Roaming\\firebase\\nahomdiroj_gmail_com_application_default_credentials.json"}}
[debug] [2024-05-30T02:03:55.205Z] > refreshing access token with scopes: []
[debug] [2024-05-30T02:03:55.214Z] >>> [apiv2][query] POST https://www.googleapis.com/oauth2/v3/token [none]
[debug] [2024-05-30T02:03:55.214Z] >>> [apiv2][body] POST https://www.googleapis.com/oauth2/v3/token [omitted]
[debug] [2024-05-30T02:03:55.853Z] <<< [apiv2][status] POST https://www.googleapis.com/oauth2/v3/token 200
[debug] [2024-05-30T02:03:55.855Z] <<< [apiv2][body] POST https://www.googleapis.com/oauth2/v3/token [omitted]
[debug] [2024-05-30T02:03:55.896Z] >>> [apiv2][query] GET https://firebase.googleapis.com/v1beta1/projects/e-clone-njd/adminSdkConfig [none]
[debug] [2024-05-30T02:03:56.798Z] <<< [apiv2][status] GET https://firebase.googleapis.com/v1beta1/projects/e-clone-njd/adminSdkConfig 200
[debug] [2024-05-30T02:03:56.799Z] <<< [apiv2][body] GET https://firebase.googleapis.com/v1beta1/projects/e-clone-njd/adminSdkConfig {"projectId":"e-clone-njd","storageBucket":"e-clone-njd.appspot.com"}
[debug] [2024-05-30T02:03:56.885Z] Ignoring unsupported arg: auto_download {"metadata":{"emulator":{"name":"ui"},"message":"Ignoring unsupported arg: auto_download"}}
[debug] [2024-05-30T02:03:56.887Z] Ignoring unsupported arg: port {"metadata":{"emulator":{"name":"ui"},"message":"Ignoring unsupported arg: port"}}
[debug] [2024-05-30T02:03:56.889Z] Starting Emulator UI with command {"binary":"node","args":["C:\\Users\\Nahom\\.cache\\firebase\\emulators\\ui-v1.12.1\\server\\server.mjs"],"optionalArgs":[],"joinArgs":false,"shell":false} {"metadata":{"emulator":{"name":"ui"},"message":"Starting Emulator UI with command {\"binary\":\"node\",\"args\":[\"C:\\\\Users\\\\Nahom\\\\.cache\\\\firebase\\\\emulators\\\\ui-v1.12.1\\\\server\\\\server.mjs\"],\"optionalArgs\":[],\"joinArgs\":false,\"shell\":false}"}}
[info] i  ui: Emulator UI logging to ui-debug.log {"metadata":{"emulator":{"name":"ui"},"message":"Emulator UI logging to \u001b[1mui-debug.log\u001b[22m"}}
[debug] [2024-05-30T02:03:57.452Z] Web / API server started at 127.0.0.1:4000
 {"metadata":{"emulator":{"name":"ui"},"message":"Web / API server started at 127.0.0.1:4000\n"}}
[debug] [2024-05-30T02:03:57.454Z] Web / API server started at ::1:4000
 {"metadata":{"emulator":{"name":"ui"},"message":"Web / API server started at ::1:4000\n"}}
[info] i  functions: Watching "C:\Users\Nahom\Desktop\evangadi\phase-4\New folder\amazone-clone-2024\functions" for Cloud Functions... {"metadata":{"emulator":{"name":"functions"},"message":"Watching \"C:\\Users\\Nahom\\Desktop\\evangadi\\phase-4\\New folder\\amazone-clone-2024\\functions\" for Cloud Functions..."}}
[debug] [2024-05-30T02:03:57.611Z] Validating nodejs source
[debug] [2024-05-30T02:04:02.582Z] > [functions] package.json contents: {
  "name": "functions",
  "description": "Cloud Functions for Firebase",
  "scripts": {
    "serve": "firebase emulators:start --only functions",
    "shell": "firebase functions:shell",
    "start": "npm run shell",
    "deploy": "firebase deploy --only functions",
    "logs": "firebase functions:log"
  },
  "engines": {
    "node": "18"
  },
  "main": "index.js",
  "dependencies": {
    "cors": "^2.8.5",
    "dotenv": "^16.4.5",
    "express": "^4.19.2",
    "firebase-admin": "^12.1.0",
    "firebase-functions": "^5.0.0",
    "stripe": "^15.8.0"
  },
  "devDependencies": {
    "firebase-functions-test": "^3.1.0"
  },
  "private": true
}
[debug] [2024-05-30T02:04:02.583Z] Building nodejs source
[debug] [2024-05-30T02:04:02.585Z] Failed to find version of module node: reached end of search path C:\Users\Nahom\Desktop\evangadi\phase-4\New folder\amazone-clone-2024\functions\node_modules
[warn] !  functions: Your requested "node" version "18" doesn't match your global version "20". Using node@20 from host. 
[info] i  functions: Loaded environment variables from .env. 
[debug] [2024-05-30T02:04:02.602Z] Could not find functions.yaml. Must use http discovery
[debug] [2024-05-30T02:04:02.623Z] Found firebase-functions binary at 'C:\Users\Nahom\Desktop\evangadi\phase-4\New folder\amazone-clone-2024\functions\node_modules\.bin\firebase-functions'
[info] Serving at port 8177

